-------------------------------------------------------------------------------
Test set: com.aplikasi.spring.aplikasipelatihan.dao.PesertaDaoTest
-------------------------------------------------------------------------------
Tests run: 2, Failures: 0, Errors: 2, Skipped: 0, Time elapsed: 3.939 s <<< FAILURE! - in com.aplikasi.spring.aplikasipelatihan.dao.PesertaDaoTest
testHitung(com.aplikasi.spring.aplikasipelatihan.dao.PesertaDaoTest)  Time elapsed: 0 s  <<< ERROR!
java.lang.IllegalStateException: Failed to load ApplicationContext
Caused by: org.springframework.beans.factory.BeanCreationException: Error creating bean with name 'requestMappingHandlerAdapter' defined in class path resource [org/springframework/boot/autoconfigure/web/servlet/WebMvcAutoConfiguration$EnableWebMvcConfiguration.class]: Bean instantiation via factory method failed; nested exception is org.springframework.beans.BeanInstantiationException: Failed to instantiate [org.springframework.web.servlet.mvc.method.annotation.RequestMappingHandlerAdapter]: Factory method 'requestMappingHandlerAdapter' threw exception; nested exception is org.springframework.beans.factory.BeanCreationException: Error creating bean with name 'mvcConversionService' defined in class path resource [org/springframework/boot/autoconfigure/web/servlet/WebMvcAutoConfiguration$EnableWebMvcConfiguration.class]: Bean instantiation via factory method failed; nested exception is org.springframework.beans.BeanInstantiationException: Failed to instantiate [org.springframework.format.support.FormattingConversionService]: Factory method 'mvcConversionService' threw exception; nested exception is org.springframework.beans.factory.BeanCreationException: Error creating bean with name 'sesiDao': Invocation of init method failed; nested exception is java.lang.IllegalArgumentException: Validation failed for query for method public abstract org.springframework.data.domain.Page com.aplikasi.spring.aplikasipelatihan.dao.SesiDao.cariCustom(java.util.Date,java.util.Date,java.lang.String,org.springframework.data.domain.Pageable)!
Caused by: org.springframework.beans.BeanInstantiationException: Failed to instantiate [org.springframework.web.servlet.mvc.method.annotation.RequestMappingHandlerAdapter]: Factory method 'requestMappingHandlerAdapter' threw exception; nested exception is org.springframework.beans.factory.BeanCreationException: Error creating bean with name 'mvcConversionService' defined in class path resource [org/springframework/boot/autoconfigure/web/servlet/WebMvcAutoConfiguration$EnableWebMvcConfiguration.class]: Bean instantiation via factory method failed; nested exception is org.springframework.beans.BeanInstantiationException: Failed to instantiate [org.springframework.format.support.FormattingConversionService]: Factory method 'mvcConversionService' threw exception; nested exception is org.springframework.beans.factory.BeanCreationException: Error creating bean with name 'sesiDao': Invocation of init method failed; nested exception is java.lang.IllegalArgumentException: Validation failed for query for method public abstract org.springframework.data.domain.Page com.aplikasi.spring.aplikasipelatihan.dao.SesiDao.cariCustom(java.util.Date,java.util.Date,java.lang.String,org.springframework.data.domain.Pageable)!
Caused by: org.springframework.beans.factory.BeanCreationException: Error creating bean with name 'mvcConversionService' defined in class path resource [org/springframework/boot/autoconfigure/web/servlet/WebMvcAutoConfiguration$EnableWebMvcConfiguration.class]: Bean instantiation via factory method failed; nested exception is org.springframework.beans.BeanInstantiationException: Failed to instantiate [org.springframework.format.support.FormattingConversionService]: Factory method 'mvcConversionService' threw exception; nested exception is org.springframework.beans.factory.BeanCreationException: Error creating bean with name 'sesiDao': Invocation of init method failed; nested exception is java.lang.IllegalArgumentException: Validation failed for query for method public abstract org.springframework.data.domain.Page com.aplikasi.spring.aplikasipelatihan.dao.SesiDao.cariCustom(java.util.Date,java.util.Date,java.lang.String,org.springframework.data.domain.Pageable)!
Caused by: org.springframework.beans.BeanInstantiationException: Failed to instantiate [org.springframework.format.support.FormattingConversionService]: Factory method 'mvcConversionService' threw exception; nested exception is org.springframework.beans.factory.BeanCreationException: Error creating bean with name 'sesiDao': Invocation of init method failed; nested exception is java.lang.IllegalArgumentException: Validation failed for query for method public abstract org.springframework.data.domain.Page com.aplikasi.spring.aplikasipelatihan.dao.SesiDao.cariCustom(java.util.Date,java.util.Date,java.lang.String,org.springframework.data.domain.Pageable)!
Caused by: org.springframework.beans.factory.BeanCreationException: Error creating bean with name 'sesiDao': Invocation of init method failed; nested exception is java.lang.IllegalArgumentException: Validation failed for query for method public abstract org.springframework.data.domain.Page com.aplikasi.spring.aplikasipelatihan.dao.SesiDao.cariCustom(java.util.Date,java.util.Date,java.lang.String,org.springframework.data.domain.Pageable)!
Caused by: java.lang.IllegalArgumentException: Validation failed for query for method public abstract org.springframework.data.domain.Page com.aplikasi.spring.aplikasipelatihan.dao.SesiDao.cariCustom(java.util.Date,java.util.Date,java.lang.String,org.springframework.data.domain.Pageable)!
Caused by: java.lang.IllegalArgumentException: org.hibernate.hql.internal.ast.QuerySyntaxException: unexpected token: by near line 1, column 133 [select x from com.aplikasi.spring.aplikasipelatihan.entity.Sesi x where x.mulai >= :m and x.sampai < :s and x.materi.kode = :korder by x.mulai desc]
Caused by: org.hibernate.hql.internal.ast.QuerySyntaxException: unexpected token: by near line 1, column 133 [select x from com.aplikasi.spring.aplikasipelatihan.entity.Sesi x where x.mulai >= :m and x.sampai < :s and x.materi.kode = :korder by x.mulai desc]

testInsert(com.aplikasi.spring.aplikasipelatihan.dao.PesertaDaoTest)  Time elapsed: 0 s  <<< ERROR!
java.lang.IllegalStateException: Failed to load ApplicationContext
Caused by: org.springframework.beans.factory.BeanCreationException: Error creating bean with name 'requestMappingHandlerAdapter' defined in class path resource [org/springframework/boot/autoconfigure/web/servlet/WebMvcAutoConfiguration$EnableWebMvcConfiguration.class]: Bean instantiation via factory method failed; nested exception is org.springframework.beans.BeanInstantiationException: Failed to instantiate [org.springframework.web.servlet.mvc.method.annotation.RequestMappingHandlerAdapter]: Factory method 'requestMappingHandlerAdapter' threw exception; nested exception is org.springframework.beans.factory.BeanCreationException: Error creating bean with name 'mvcConversionService' defined in class path resource [org/springframework/boot/autoconfigure/web/servlet/WebMvcAutoConfiguration$EnableWebMvcConfiguration.class]: Bean instantiation via factory method failed; nested exception is org.springframework.beans.BeanInstantiationException: Failed to instantiate [org.springframework.format.support.FormattingConversionService]: Factory method 'mvcConversionService' threw exception; nested exception is org.springframework.beans.factory.BeanCreationException: Error creating bean with name 'sesiDao': Invocation of init method failed; nested exception is java.lang.IllegalArgumentException: Validation failed for query for method public abstract org.springframework.data.domain.Page com.aplikasi.spring.aplikasipelatihan.dao.SesiDao.cariCustom(java.util.Date,java.util.Date,java.lang.String,org.springframework.data.domain.Pageable)!
Caused by: org.springframework.beans.BeanInstantiationException: Failed to instantiate [org.springframework.web.servlet.mvc.method.annotation.RequestMappingHandlerAdapter]: Factory method 'requestMappingHandlerAdapter' threw exception; nested exception is org.springframework.beans.factory.BeanCreationException: Error creating bean with name 'mvcConversionService' defined in class path resource [org/springframework/boot/autoconfigure/web/servlet/WebMvcAutoConfiguration$EnableWebMvcConfiguration.class]: Bean instantiation via factory method failed; nested exception is org.springframework.beans.BeanInstantiationException: Failed to instantiate [org.springframework.format.support.FormattingConversionService]: Factory method 'mvcConversionService' threw exception; nested exception is org.springframework.beans.factory.BeanCreationException: Error creating bean with name 'sesiDao': Invocation of init method failed; nested exception is java.lang.IllegalArgumentException: Validation failed for query for method public abstract org.springframework.data.domain.Page com.aplikasi.spring.aplikasipelatihan.dao.SesiDao.cariCustom(java.util.Date,java.util.Date,java.lang.String,org.springframework.data.domain.Pageable)!
Caused by: org.springframework.beans.factory.BeanCreationException: Error creating bean with name 'mvcConversionService' defined in class path resource [org/springframework/boot/autoconfigure/web/servlet/WebMvcAutoConfiguration$EnableWebMvcConfiguration.class]: Bean instantiation via factory method failed; nested exception is org.springframework.beans.BeanInstantiationException: Failed to instantiate [org.springframework.format.support.FormattingConversionService]: Factory method 'mvcConversionService' threw exception; nested exception is org.springframework.beans.factory.BeanCreationException: Error creating bean with name 'sesiDao': Invocation of init method failed; nested exception is java.lang.IllegalArgumentException: Validation failed for query for method public abstract org.springframework.data.domain.Page com.aplikasi.spring.aplikasipelatihan.dao.SesiDao.cariCustom(java.util.Date,java.util.Date,java.lang.String,org.springframework.data.domain.Pageable)!
Caused by: org.springframework.beans.BeanInstantiationException: Failed to instantiate [org.springframework.format.support.FormattingConversionService]: Factory method 'mvcConversionService' threw exception; nested exception is org.springframework.beans.factory.BeanCreationException: Error creating bean with name 'sesiDao': Invocation of init method failed; nested exception is java.lang.IllegalArgumentException: Validation failed for query for method public abstract org.springframework.data.domain.Page com.aplikasi.spring.aplikasipelatihan.dao.SesiDao.cariCustom(java.util.Date,java.util.Date,java.lang.String,org.springframework.data.domain.Pageable)!
Caused by: org.springframework.beans.factory.BeanCreationException: Error creating bean with name 'sesiDao': Invocation of init method failed; nested exception is java.lang.IllegalArgumentException: Validation failed for query for method public abstract org.springframework.data.domain.Page com.aplikasi.spring.aplikasipelatihan.dao.SesiDao.cariCustom(java.util.Date,java.util.Date,java.lang.String,org.springframework.data.domain.Pageable)!
Caused by: java.lang.IllegalArgumentException: Validation failed for query for method public abstract org.springframework.data.domain.Page com.aplikasi.spring.aplikasipelatihan.dao.SesiDao.cariCustom(java.util.Date,java.util.Date,java.lang.String,org.springframework.data.domain.Pageable)!
Caused by: java.lang.IllegalArgumentException: org.hibernate.hql.internal.ast.QuerySyntaxException: unexpected token: by near line 1, column 133 [select x from com.aplikasi.spring.aplikasipelatihan.entity.Sesi x where x.mulai >= :m and x.sampai < :s and x.materi.kode = :korder by x.mulai desc]
Caused by: org.hibernate.hql.internal.ast.QuerySyntaxException: unexpected token: by near line 1, column 133 [select x from com.aplikasi.spring.aplikasipelatihan.entity.Sesi x where x.mulai >= :m and x.sampai < :s and x.materi.kode = :korder by x.mulai desc]

